2021-05-02 13:58:14,633 DEBUG    root            Loaded Command Group: ['gcloud', 'version']
2021-05-02 13:58:14,635 DEBUG    root            Running [gcloud.version] with arguments: [--format: "json"]
2021-05-02 13:58:14,644 INFO     root            Display format: "flattened[no-pad,separator=" "] json"
2021-05-02 13:58:14,712 INFO     ___FILE_ONLY___ {
  "Google Cloud SDK": "337.0.0",
  "alpha": "2021.04.16",
  "app-engine-go": "1.9.71",
  "app-engine-java": "1.9.88",
  "app-engine-python": "1.9.91",
  "app-engine-python-extras": "1.9.91",
  "beta": "2021.04.16",
  "bigtable": "",
  "bq": "2.0.67",
  "cbt": "0.9.0",
  "cloud-build-local": "0.5.2",
  "cloud-datastore-emulator": "2.1.0",
  "core": "2021.04.16",
  "datalab": "20190610",
  "gsutil": "4.61",
  "kind": "0.7.0",
  "kpt": "0.39.0",
  "local-extract": "0.1.6",
  "minikube": "1.19.0",
  "pubsub-emulator": "0.4.0",
  "skaffold": "1.21.0"
}
2021-05-02 13:58:14,712 INFO     ___FILE_ONLY___ 

